Starting at: Sat Aug  5 20:39:15 2023

Computing preimage on: cf:c3:2v
Keyspace: 839299365868340224
Max Iterations: 839299365868340224
Starting Brute Force...


Thread 1:  Starting at y8nN0YjA4i end C0Di0YjA4i
Thread 2:  Starting at C0Di0YjA4i end FSSN0YjA4i
Thread 3:  Starting at FSSN0YjA4i end JL8i0YjA4i
Thread 4:  Starting at JL8i0YjA4i end NDnN0YjA4i
Thread 5:  Starting at NDnN0YjA4i end RvDi0YjA4i
Thread 6:  Starting at RvDi0YjA4i end VnSN0YjA4i
Thread 7:  Starting at VnSN0YjA4i end Zg8i0YjA4i
Thread 8:  Starting at Zg8i0YjA4i end 38nN0YjA4i
Thread 9:  Starting at 38nN0YjA4i end 70Di0YjA4i
Thread 10: Starting at 70Di0YjA4i end aSSN0YjA4i
Thread 11: Starting at aSSN0YjA4i end eL8i0YjA4i
Thread 12: Starting at eL8i0YjA4i end iDnN0YjA4i
Thread 13: Starting at iDnN0YjA4i end mvDi0YjA4i
Thread 14: Starting at mvDi0YjA4i end qnSN0YjA4i
Thread 15: Starting at qnSN0YjA4i end ug8i0YjA4i
Thread 16: Starting at ug8i0YjA4i end y8nN0YjA4i


Thread 12: Found preimage: eL8i0YoN6q
Thread 4:  Found preimage: JL8i0YroqA
